Flow report for Freequency_Division
Fri Feb 07 13:24:49 2025
Quartus II 64-Bit Version 13.0.1 Build 232 06/12/2013 Service Pack 1 SJ Full Version


---------------------
; Table of Contents ;
---------------------
  1. Legal Notice
  2. Flow Summary
  3. Flow Settings
  4. Flow Non-Default Global Settings
  5. Flow Elapsed Time
  6. Flow OS Summary
  7. Flow Log
  8. Flow Messages
  9. Flow Suppressed Messages



----------------
; Legal Notice ;
----------------
Copyright (C) 1991-2013 Altera Corporation
Your use of Altera Corporation's design tools, logic functions 
and other software and tools, and its AMPP partner logic 
functions, and any output files from any of the foregoing 
(including device programming or simulation files), and any 
associated documentation or information are expressly subject 
to the terms and conditions of the Altera Program License 
Subscription Agreement, Altera MegaCore Function License 
Agreement, or other applicable license agreement, including, 
without limitation, that your use is for the sole purpose of 
programming logic devices manufactured by Altera and sold by 
Altera or its authorized distributors.  Please refer to the 
applicable agreement for further details.



+---------------------------------------------------------------------------------------+
; Flow Summary                                                                          ;
+------------------------------------+--------------------------------------------------+
; Flow Status                        ; Successful - Fri Feb 07 13:24:49 2025            ;
; Quartus II 64-Bit Version          ; 13.0.1 Build 232 06/12/2013 SP 1 SJ Full Version ;
; Revision Name                      ; Freequency_Division                              ;
; Top-level Entity Name              ; Freequency_Division                              ;
; Family                             ; Cyclone IV E                                     ;
; Device                             ; EP4CE10F17C8                                     ;
; Timing Models                      ; Final                                            ;
; Total logic elements               ; 4 / 10,320 ( < 1 % )                             ;
;     Total combinational functions  ; 4 / 10,320 ( < 1 % )                             ;
;     Dedicated logic registers      ; 4 / 10,320 ( < 1 % )                             ;
; Total registers                    ; 4                                                ;
; Total pins                         ; 3 / 180 ( 2 % )                                  ;
; Total virtual pins                 ; 0                                                ;
; Total memory bits                  ; 0 / 423,936 ( 0 % )                              ;
; Embedded Multiplier 9-bit elements ; 0 / 46 ( 0 % )                                   ;
; Total PLLs                         ; 0 / 2 ( 0 % )                                    ;
+------------------------------------+--------------------------------------------------+


+-----------------------------------------+
; Flow Settings                           ;
+-------------------+---------------------+
; Option            ; Setting             ;
+-------------------+---------------------+
; Start date & time ; 02/07/2025 13:24:38 ;
; Main task         ; Compilation         ;
; Revision Name     ; Freequency_Division ;
+-------------------+---------------------+


+-------------------------------------------------------------------------------------------------------------------------------------------------------+
; Flow Non-Default Global Settings                                                                                                                      ;
+--------------------------------------+-------------------------------------------------+---------------+-------------+--------------------------------+
; Assignment Name                      ; Value                                           ; Default Value ; Entity Name ; Section Id                     ;
+--------------------------------------+-------------------------------------------------+---------------+-------------+--------------------------------+
; COMPILER_SIGNATURE_ID                ; 71205093825643.173895267827988                  ; --            ; --          ; --                             ;
; EDA_DESIGN_INSTANCE_NAME             ; NA                                              ; --            ; --          ; Stimulation_Frequency_Division ;
; EDA_NATIVELINK_SIMULATION_TEST_BENCH ; Stimulation_Frequency_Division                  ; --            ; --          ; eda_simulation                 ;
; EDA_OUTPUT_DATA_FORMAT               ; Verilog Hdl                                     ; --            ; --          ; eda_simulation                 ;
; EDA_SIMULATION_TOOL                  ; ModelSim (Verilog)                              ; <None>        ; --          ; --                             ;
; EDA_TEST_BENCH_ENABLE_STATUS         ; TEST_BENCH_MODE                                 ; --            ; --          ; eda_simulation                 ;
; EDA_TEST_BENCH_FILE                  ; ../Stimulation/Stimulation_Frequency_Division.v ; --            ; --          ; Stimulation_Frequency_Division ;
; EDA_TEST_BENCH_MODULE_NAME           ; Stimulation_Frequency_Division                  ; --            ; --          ; Stimulation_Frequency_Division ;
; EDA_TEST_BENCH_NAME                  ; Stimulation_Frequency_Division                  ; --            ; --          ; eda_simulation                 ;
; EDA_TEST_BENCH_RUN_SIM_FOR           ; 1 us                                            ; --            ; --          ; Stimulation_Frequency_Division ;
; EDA_TIME_SCALE                       ; 1 ps                                            ; --            ; --          ; eda_simulation                 ;
; MAX_CORE_JUNCTION_TEMP               ; 85                                              ; --            ; --          ; --                             ;
; MIN_CORE_JUNCTION_TEMP               ; 0                                               ; --            ; --          ; --                             ;
; NOMINAL_CORE_SUPPLY_VOLTAGE          ; 1.2V                                            ; --            ; --          ; --                             ;
; PARTITION_COLOR                      ; 16764057                                        ; --            ; --          ; Top                            ;
; PARTITION_FITTER_PRESERVATION_LEVEL  ; PLACEMENT_AND_ROUTING                           ; --            ; --          ; Top                            ;
; PARTITION_NETLIST_TYPE               ; SOURCE                                          ; --            ; --          ; Top                            ;
; POWER_BOARD_THERMAL_MODEL            ; None (CONSERVATIVE)                             ; --            ; --          ; --                             ;
; POWER_PRESET_COOLING_SOLUTION        ; 23 MM HEAT SINK WITH 200 LFPM AIRFLOW           ; --            ; --          ; --                             ;
; PROJECT_OUTPUT_DIRECTORY             ; output_files                                    ; --            ; --          ; --                             ;
+--------------------------------------+-------------------------------------------------+---------------+-------------+--------------------------------+


+-------------------------------------------------------------------------------------------------------------------------------+
; Flow Elapsed Time                                                                                                             ;
+---------------------------+--------------+-------------------------+---------------------+------------------------------------+
; Module Name               ; Elapsed Time ; Average Processors Used ; Peak Virtual Memory ; Total CPU Time (on all processors) ;
+---------------------------+--------------+-------------------------+---------------------+------------------------------------+
; Analysis & Synthesis      ; 00:00:01     ; 1.0                     ; 4632 MB             ; 00:00:01                           ;
; Fitter                    ; 00:00:03     ; 1.0                     ; 5984 MB             ; 00:00:04                           ;
; Assembler                 ; 00:00:01     ; 1.0                     ; 4551 MB             ; 00:00:01                           ;
; TimeQuest Timing Analyzer ; 00:00:02     ; 1.0                     ; 4744 MB             ; 00:00:02                           ;
; EDA Netlist Writer        ; 00:00:01     ; 1.0                     ; 4511 MB             ; 00:00:00                           ;
; Total                     ; 00:00:08     ; --                      ; --                  ; 00:00:08                           ;
+---------------------------+--------------+-------------------------+---------------------+------------------------------------+


+----------------------------------------------------------------------------------------+
; Flow OS Summary                                                                        ;
+---------------------------+------------------+-----------+------------+----------------+
; Module Name               ; Machine Hostname ; OS Name   ; OS Version ; Processor type ;
+---------------------------+------------------+-----------+------------+----------------+
; Analysis & Synthesis      ; Tyler            ; Windows 7 ; 6.2        ; x86_64         ;
; Fitter                    ; Tyler            ; Windows 7 ; 6.2        ; x86_64         ;
; Assembler                 ; Tyler            ; Windows 7 ; 6.2        ; x86_64         ;
; TimeQuest Timing Analyzer ; Tyler            ; Windows 7 ; 6.2        ; x86_64         ;
; EDA Netlist Writer        ; Tyler            ; Windows 7 ; 6.2        ; x86_64         ;
+---------------------------+------------------+-----------+------------+----------------+


------------
; Flow Log ;
------------
quartus_map --read_settings_files=on --write_settings_files=off Freequency_Division -c Freequency_Division
quartus_fit --read_settings_files=off --write_settings_files=off Freequency_Division -c Freequency_Division
quartus_asm --read_settings_files=off --write_settings_files=off Freequency_Division -c Freequency_Division
quartus_sta Freequency_Division -c Freequency_Division
quartus_eda --read_settings_files=off --write_settings_files=off Freequency_Division -c Freequency_Division



